[0m13:29:27.612443 [debug] [MainThread]: Sending event: {'category': 'dbt', 'action': 'invocation', 'label': 'start', 'context': [<snowplow_tracker.self_describing_json.SelfDescribingJson object at 0x7562f25f40e0>, <snowplow_tracker.self_describing_json.SelfDescribingJson object at 0x7562f4795c10>, <snowplow_tracker.self_describing_json.SelfDescribingJson object at 0x7562f25f4c20>]}


============================== 13:29:27.616642 | c5e43618-e840-442b-b386-be0e6d0ab112 ==============================
[0m13:29:27.616642 [info ] [MainThread]: Running with dbt=1.11.7
[0m13:29:27.617292 [debug] [MainThread]: running dbt with arguments {'write_json': 'True', 'version_check': 'True', 'quiet': 'False', 'use_colors': 'True', 'indirect_selection': 'eager', 'introspect': 'True', 'partial_parse': 'True', 'fail_fast': 'False', 'log_path': 'logs', 'log_cache_events': 'False', 'empty': 'None', 'invocation_command': 'dbt init dbt_project', 'printer_width': '80', 'profiles_dir': '/home/ubuntu/.dbt', 'use_experimental_parser': 'False', 'debug': 'False', 'static_parser': 'True', 'send_anonymous_usage_stats': 'True', 'log_format': 'default', 'cache_selected_only': 'False', 'no_print': 'None', 'warn_error': 'None', 'warn_error_options': 'WarnErrorOptionsV2(error=[], warn=[], silence=[])', 'target_path': 'None'}
[0m13:29:27.653091 [info ] [MainThread]: Creating dbt configuration folder at /home/ubuntu/.dbt
[0m13:29:27.655754 [debug] [MainThread]: Starter project path: /home/ubuntu/de-project-env/lib/python3.12/site-packages/dbt/include/starter_project
[0m13:29:27.657659 [info ] [MainThread]: 
Your new dbt project "dbt_project" was created!

For more information on how to configure the profiles.yml file,
please consult the dbt documentation here:

  https://docs.getdbt.com/docs/configure-your-profile

One more thing:

Need help? Don't hesitate to reach out to us via GitHub issues or on Slack:

  https://community.getdbt.com/

Happy modeling!

[0m13:29:27.658110 [info ] [MainThread]: Setting up your profile.
[0m13:30:09.338265 [info ] [MainThread]: Profile dbt_project written to /home/ubuntu/.dbt/profiles.yml using target's sample configuration. Once updated, you'll be able to start developing with dbt.
[0m13:30:09.342794 [debug] [MainThread]: Resource report: {"command_name": "init", "command_success": true, "command_wall_clock_time": 41.798462, "process_in_blocks": "712", "process_kernel_time": 0.141614, "process_mem_max_rss": "130216", "process_out_blocks": "80", "process_user_time": 1.723112}
[0m13:30:09.343290 [debug] [MainThread]: Command `dbt init` succeeded at 13:30:09.343192 after 41.80 seconds
[0m13:30:09.344645 [debug] [MainThread]: Sending event: {'category': 'dbt', 'action': 'invocation', 'label': 'end', 'context': [<snowplow_tracker.self_describing_json.SelfDescribingJson object at 0x7562f425a4e0>, <snowplow_tracker.self_describing_json.SelfDescribingJson object at 0x7562f425a300>, <snowplow_tracker.self_describing_json.SelfDescribingJson object at 0x7562f2d31e20>]}
[0m13:30:09.345010 [debug] [MainThread]: Flushing usage events
[0m13:30:09.370768 [debug] [MainThread]: An error was encountered while trying to flush usage events
